<?xml version="1.0" encoding="UTF-8"?>
<!-- Generated by org.testng.reporters.JUnitXMLReporter -->
<testsuite ignored="0" hostname="AbhishekUmeshTiwari-FG6PXWCWMJ" failures="1" tests="1" name="Surefire test-1" time="46.408" errors="0" timestamp="2025-08-19T00:57:27 IST">
  <testcase classname="TitleCheckTest" name="testWebsiteTitle" time="18.755">
    <failure type="java.lang.AssertionError" message="Total issue count breached the threshold! Found: 17 expected [true] but found [false]">
      <![CDATA[java.lang.AssertionError: Total issue count breached the threshold! Found: 17 expected [true] but found [false]
at TitleCheckTest.testWebsiteTitle(TitleCheckTest.java:38)
at java.base/java.util.ArrayList.forEach(ArrayList.java:1604)
at java.base/java.util.concurrent.FutureTask.run(FutureTask.java:328)
at java.base/java.util.concurrent.ThreadPoolExecutor.runWorker(ThreadPoolExecutor.java:1095)
at java.base/java.util.concurrent.ThreadPoolExecutor$Worker.run(ThreadPoolExecutor.java:619)
at java.base/java.lang.Thread.run(Thread.java:1447)
... Removed 18 stack frames]]>
    </failure>
  </testcase> <!-- testWebsiteTitle -->
</testsuite> <!-- Surefire test-1 -->
